<?xml version="1.0" encoding="UTF-8"?>
<!-- Generated by org.testng.reporters.JUnitXMLReporter -->
<testsuite ignored="2" hostname="DESKTOP-L558MLK" failures="0" tests="1" name="Default test" time="2.967" errors="0" timestamp="21 Jan 2023 00:13:49 GMT">
  <testcase classname="soapServices.TestSoapServicesByRestAssuredDDT" name="PostDataByXMLBodyFile" time="2.952"/>
  <testcase classname="soapServices.TestSoapServicesByRestAssuredDDT" name="GetCountriesDataByXMLFile" time="0.0">
    <ignored/>
  </testcase> <!-- GetCountriesDataByXMLFile -->
  <testcase classname="soapServices.TestSoapServicesByRestAssuredDDT" name="PostDataByXMLFile" time="0.0">
    <ignored/>
  </testcase> <!-- PostDataByXMLFile -->
</testsuite> <!-- Default test -->
