<?xml version="1.0" encoding="UTF-8"?>
<testng-results ignored="2" total="3" passed="1" failed="0" skipped="0">
  <reporter-output>
  </reporter-output>
  <suite started-at="2023-01-21T00:13:46Z" name="Default suite" finished-at="2023-01-21T00:13:49Z" duration-ms="2967">
    <groups>
    </groups>
    <test started-at="2023-01-21T00:13:46Z" name="Default test" finished-at="2023-01-21T00:13:49Z" duration-ms="2967">
      <class name="soapServices.TestSoapServicesByRestAssuredDDT">
        <test-method signature="PostDataByXMLBodyFile()[pri:1, instance:soapServices.TestSoapServicesByRestAssuredDDT@44c73c26]" started-at="2023-01-21T00:13:46Z" name="PostDataByXMLBodyFile" finished-at="2023-01-21T00:13:49Z" duration-ms="2952" status="PASS">
          <reporter-output>
          </reporter-output>
        </test-method> <!-- PostDataByXMLBodyFile -->
      </class> <!-- soapServices.TestSoapServicesByRestAssuredDDT -->
    </test> <!-- Default test -->
  </suite> <!-- Default suite -->
</testng-results>
